0 verbose cli C:\Program Files\nodejs\node.exe C:\Users\DELL\AppData\Roaming\npm\node_modules\npm\bin\npm-cli.js
1 info using npm@10.8.3
2 info using node@v20.15.0
3 silly config load:file:C:\Users\DELL\AppData\Roaming\npm\node_modules\npm\npmrc
4 silly config load:file:C:\Users\DELL\AppData\Local\Microsoft\TypeScript\5.5\.npmrc
5 silly config load:file:C:\Users\DELL\.npmrc
6 silly config load:file:C:\Users\DELL\AppData\Roaming\npm\etc\npmrc
7 verbose title npm install @types/react@ts5.5 @types/react-dom@ts5.5 @types/eslint__js@ts5.5
8 verbose argv "install" "--ignore-scripts" "@types/react@ts5.5" "@types/react-dom@ts5.5" "@types/eslint__js@ts5.5" "--save-dev" "--user-agent" "typesInstaller/5.5.4"
9 verbose logfile logs-max:10 dir:C:\Users\DELL\AppData\Local\npm-cache\_logs\2024-09-13T07_53_57_503Z-
10 verbose logfile C:\Users\DELL\AppData\Local\npm-cache\_logs\2024-09-13T07_53_57_503Z-debug-0.log
11 silly packumentCache heap:4345298944 maxSize:1086324736 maxEntrySize:543162368
12 silly logfile done cleaning log files
13 silly packumentCache corgi:https://registry.npmjs.org/@types%2freact cache-miss
14 silly packumentCache corgi:https://registry.npmjs.org/@types%2freact-dom cache-miss
15 silly packumentCache corgi:https://registry.npmjs.org/@types%2feslint__js cache-miss
16 http fetch GET 200 https://registry.npmjs.org/@types%2freact-dom 336ms (cache miss)
17 silly packumentCache corgi:https://registry.npmjs.org/@types%2freact-dom set size:undefined disposed:false
18 http fetch GET 200 https://registry.npmjs.org/@types%2feslint__js 382ms (cache miss)
19 silly packumentCache corgi:https://registry.npmjs.org/@types%2feslint__js set size:undefined disposed:false
20 http fetch GET 200 https://registry.npmjs.org/@types%2freact 469ms (cache miss)
21 silly packumentCache corgi:https://registry.npmjs.org/@types%2freact set size:undefined disposed:false
22 silly idealTree buildDeps
23 silly fetch manifest @types/eslint__js@8.42.3
24 silly packumentCache full:https://registry.npmjs.org/@types%2feslint__js cache-miss
25 http fetch GET 200 https://registry.npmjs.org/@types%2feslint__js 83ms (cache miss)
26 silly packumentCache full:https://registry.npmjs.org/@types%2feslint__js set size:undefined disposed:false
27 silly fetch manifest @types/react@18.3.5
28 silly packumentCache full:https://registry.npmjs.org/@types%2freact cache-miss
29 http fetch GET 200 https://registry.npmjs.org/@types%2freact 293ms (cache miss)
30 silly packumentCache full:https://registry.npmjs.org/@types%2freact set size:undefined disposed:false
31 silly fetch manifest @types/react-dom@18.3.0
32 silly packumentCache full:https://registry.npmjs.org/@types%2freact-dom cache-miss
33 http fetch GET 200 https://registry.npmjs.org/@types%2freact-dom 98ms (cache miss)
34 silly packumentCache full:https://registry.npmjs.org/@types%2freact-dom set size:undefined disposed:false
35 silly placeDep ROOT @types/eslint__js@8.42.3 REPLACE for:  want: 8.42.3
36 silly placeDep ROOT @types/react@18.3.5 REPLACE for:  want: 18.3.5
37 silly placeDep ROOT @types/react-dom@18.3.0 REPLACE for:  want: 18.3.0
38 silly reify moves {}
39 silly audit bulk request {
39 silly audit   '@babel/runtime': [ '7.25.6' ],
39 silly audit   '@types/bcrypt': [ '5.0.2' ],
39 silly audit   '@types/bcryptjs': [ '2.4.6' ],
39 silly audit   '@types/body-parser': [ '1.19.5' ],
39 silly audit   '@types/call-bind': [ '1.0.5' ],
39 silly audit   '@types/cheerio': [ '0.22.35' ],
39 silly audit   '@types/connect': [ '3.4.38' ],
39 silly audit   '@types/cookie-parser': [ '1.4.7' ],
39 silly audit   '@types/cors': [ '2.8.17' ],
39 silly audit   '@types/define-properties': [ '1.1.5' ],
39 silly audit   '@types/eslint': [ '9.6.1' ],
39 silly audit   '@types/estree': [ '1.0.5' ],
39 silly audit   '@types/express': [ '4.17.21' ],
39 silly audit   '@types/express-serve-static-core': [ '4.19.5' ],
39 silly audit   '@types/get-intrinsic': [ '1.2.2' ],
39 silly audit   '@types/hoist-non-react-statics': [ '3.3.5' ],
39 silly audit   '@types/http-errors': [ '2.0.4' ],
39 silly audit   '@types/json-schema': [ '7.0.15' ],
39 silly audit   '@types/jsonwebtoken': [ '9.0.6' ],
39 silly audit   '@types/mime': [ '1.3.5' ],
39 silly audit   '@types/morgan': [ '1.9.9' ],
39 silly audit   '@types/node': [ '20.14.9' ],
39 silly audit   '@types/nodemon': [ '1.19.6' ],
39 silly audit   '@types/object.entries': [ '1.1.1' ],
39 silly audit   '@types/object.fromentries': [ '2.0.4' ],
39 silly audit   '@types/prop-types': [ '15.7.12' ],
39 silly audit   '@types/qs': [ '6.9.15' ],
39 silly audit   '@types/range-parser': [ '1.2.7' ],
39 silly audit   '@types/react-redux': [ '7.1.33' ],
39 silly audit   '@types/send': [ '0.17.4' ],
39 silly audit   '@types/serve-static': [ '1.15.7' ],
39 silly audit   csstype: [ '3.1.3' ],
39 silly audit   'hoist-non-react-statics': [ '3.3.2' ],
39 silly audit   'react-is': [ '16.13.1' ],
39 silly audit   redux: [ '4.2.1' ],
39 silly audit   'regenerator-runtime': [ '0.14.1' ],
39 silly audit   'types-registry': [ '0.1.685' ],
39 silly audit   'undici-types': [ '5.26.5' ],
39 silly audit   '@types/eslint__js': [ '8.42.3' ],
39 silly audit   '@types/react': [ '18.3.5' ],
39 silly audit   '@types/react-dom': [ '18.3.0' ]
39 silly audit }
40 http fetch POST 200 https://registry.npmjs.org/-/npm/v1/security/advisories/bulk 264ms
41 silly audit report {}
42 verbose cwd C:\Users\DELL\AppData\Local\Microsoft\TypeScript\5.5
43 verbose os Windows_NT 10.0.19045
44 verbose node v20.15.0
45 verbose npm  v10.8.3
46 verbose exit 0
47 info ok
