0 verbose cli C:\Program Files\nodejs\node.exe C:\Users\DELL\AppData\Roaming\npm\node_modules\npm\bin\npm-cli.js
1 info using npm@10.8.3
2 info using node@v20.15.0
3 silly config load:file:C:\Users\DELL\AppData\Roaming\npm\node_modules\npm\npmrc
4 silly config load:file:C:\Users\DELL\AppData\Local\Microsoft\TypeScript\5.5\.npmrc
5 silly config load:file:C:\Users\DELL\.npmrc
6 silly config load:file:C:\Users\DELL\AppData\Roaming\npm\etc\npmrc
7 verbose title npm install types-registry@latest
8 verbose argv "install" "--ignore-scripts" "types-registry@latest"
9 verbose logfile logs-max:10 dir:C:\Users\DELL\AppData\Local\npm-cache\_logs\2024-09-13T07_53_53_356Z-
10 verbose logfile C:\Users\DELL\AppData\Local\npm-cache\_logs\2024-09-13T07_53_53_356Z-debug-0.log
11 silly packumentCache heap:4345298944 maxSize:1086324736 maxEntrySize:543162368
12 silly logfile done cleaning log files
13 silly packumentCache corgi:https://registry.npmjs.org/types-registry cache-miss
14 http fetch GET 200 https://registry.npmjs.org/types-registry 521ms (cache miss)
15 silly packumentCache corgi:https://registry.npmjs.org/types-registry set size:undefined disposed:false
16 silly idealTree buildDeps
17 silly fetch manifest types-registry@0.1.685
18 silly packumentCache full:https://registry.npmjs.org/types-registry cache-miss
19 http fetch GET 200 https://registry.npmjs.org/types-registry 365ms (cache miss)
20 silly packumentCache full:https://registry.npmjs.org/types-registry set size:undefined disposed:false
21 silly placeDep ROOT types-registry@0.1.685 REPLACE for:  want: 0.1.685
22 silly reify moves {}
23 silly audit bulk request {
23 silly audit   '@babel/runtime': [ '7.25.6' ],
23 silly audit   '@types/bcrypt': [ '5.0.2' ],
23 silly audit   '@types/bcryptjs': [ '2.4.6' ],
23 silly audit   '@types/body-parser': [ '1.19.5' ],
23 silly audit   '@types/call-bind': [ '1.0.5' ],
23 silly audit   '@types/cheerio': [ '0.22.35' ],
23 silly audit   '@types/connect': [ '3.4.38' ],
23 silly audit   '@types/cookie-parser': [ '1.4.7' ],
23 silly audit   '@types/cors': [ '2.8.17' ],
23 silly audit   '@types/define-properties': [ '1.1.5' ],
23 silly audit   '@types/eslint': [ '9.6.1' ],
23 silly audit   '@types/eslint__js': [ '8.42.3' ],
23 silly audit   '@types/estree': [ '1.0.5' ],
23 silly audit   '@types/express': [ '4.17.21' ],
23 silly audit   '@types/express-serve-static-core': [ '4.19.5' ],
23 silly audit   '@types/get-intrinsic': [ '1.2.2' ],
23 silly audit   '@types/hoist-non-react-statics': [ '3.3.5' ],
23 silly audit   '@types/http-errors': [ '2.0.4' ],
23 silly audit   '@types/json-schema': [ '7.0.15' ],
23 silly audit   '@types/jsonwebtoken': [ '9.0.6' ],
23 silly audit   '@types/mime': [ '1.3.5' ],
23 silly audit   '@types/morgan': [ '1.9.9' ],
23 silly audit   '@types/node': [ '20.14.9' ],
23 silly audit   '@types/nodemon': [ '1.19.6' ],
23 silly audit   '@types/object.entries': [ '1.1.1' ],
23 silly audit   '@types/object.fromentries': [ '2.0.4' ],
23 silly audit   '@types/prop-types': [ '15.7.12' ],
23 silly audit   '@types/qs': [ '6.9.15' ],
23 silly audit   '@types/range-parser': [ '1.2.7' ],
23 silly audit   '@types/react': [ '18.3.5' ],
23 silly audit   '@types/react-dom': [ '18.3.0' ],
23 silly audit   '@types/react-redux': [ '7.1.33' ],
23 silly audit   '@types/send': [ '0.17.4' ],
23 silly audit   '@types/serve-static': [ '1.15.7' ],
23 silly audit   csstype: [ '3.1.3' ],
23 silly audit   'hoist-non-react-statics': [ '3.3.2' ],
23 silly audit   'react-is': [ '16.13.1' ],
23 silly audit   redux: [ '4.2.1' ],
23 silly audit   'regenerator-runtime': [ '0.14.1' ],
23 silly audit   'undici-types': [ '5.26.5' ],
23 silly audit   'types-registry': [ '0.1.685' ]
23 silly audit }
24 http fetch POST 200 https://registry.npmjs.org/-/npm/v1/security/advisories/bulk 260ms
25 silly audit report {}
26 verbose cwd C:\Users\DELL\AppData\Local\Microsoft\TypeScript\5.5
27 verbose os Windows_NT 10.0.19045
28 verbose node v20.15.0
29 verbose npm  v10.8.3
30 verbose exit 0
31 info ok
